<?xml version="1.0" encoding="UTF-8"?>
<!-- Generated by org.testng.reporters.JUnitReportReporter -->
<testsuite hostname="DESKTOP-KG7529Q" failures="0" tests="1" name="BaseTest.BaseTest" time="4.878" errors="0" timestamp="07 Dec 2024 09:18:06 GMT" skipped="0">
  <testcase classname="BaseTest.BaseTest" name="fun1" time="4.878"/>
</testsuite> <!-- BaseTest.BaseTest -->
