<?xml version="1.0" encoding="UTF-8"?>
<!-- Generated by org.testng.reporters.JUnitReportReporter -->
<testsuite hostname="DESKTOP-KG7529Q" failures="0" tests="1" name="Tests.BookAppointment" time="13.581" errors="0" timestamp="13 Dec 2024 10:03:35 GMT" skipped="0">
  <testcase classname="Tests.BookAppointment" name="bookAppointment" time="13.581"/>
</testsuite> <!-- Tests.BookAppointment -->
